::1 - - [16/Dec/2015:16:23:00 +0000] "GET / HTTP/1.1"   request: {} 304 -
::1 - - [16/Dec/2015:16:23:00 +0000] "GET /components/semantic/dist/semantic.min.css HTTP/1.1"   request: {} 304 -
::1 - - [16/Dec/2015:16:23:00 +0000] "GET /built/bundle.js HTTP/1.1"   request: {} 200 805319
::1 - - [16/Dec/2015:16:23:01 +0000] "GET /imgs/b16.png HTTP/1.1"   request: {} 304 -
::1 - - [16/Dec/2015:16:23:01 +0000] "GET /components/semantic/dist/themes/default/assets/fonts/icons.woff2 HTTP/1.1"   request: {} 304 -
::1 - - [16/Dec/2015:16:23:03 +0000] "GET /archives/all_articles HTTP/1.1"   request: {} 304 -
::1 - - [16/Dec/2015:16:23:06 +0000] "GET / HTTP/1.1"   request: {} 200 460
::1 - - [16/Dec/2015:16:23:06 +0000] "GET /components/semantic/dist/semantic.min.css HTTP/1.1"   request: {} 200 521342
::1 - - [16/Dec/2015:16:23:06 +0000] "GET /built/bundle.js HTTP/1.1"   request: {} 200 805319
::1 - - [16/Dec/2015:16:23:07 +0000] "GET /imgs/b16.png HTTP/1.1"   request: {} 200 225
::1 - - [16/Dec/2015:16:23:07 +0000] "GET /components/semantic/dist/themes/default/assets/fonts/icons.woff2 HTTP/1.1"   request: {} 200 56780
::1 - - [16/Dec/2015:16:23:09 +0000] "GET /archives/all_articles HTTP/1.1"   request: {} 304 -
::1 - - [16/Dec/2015:16:23:39 +0000] "GET / HTTP/1.1"   request: {} 304 -
::1 - - [16/Dec/2015:16:23:40 +0000] "GET /components/semantic/dist/semantic.min.css HTTP/1.1"   request: {} 304 -
::1 - - [16/Dec/2015:16:23:40 +0000] "GET /built/bundle.js HTTP/1.1"   request: {} 304 -
::1 - - [16/Dec/2015:16:23:40 +0000] "GET /imgs/b16.png HTTP/1.1"   request: {} 304 -
::1 - - [16/Dec/2015:16:23:40 +0000] "GET /components/semantic/dist/themes/default/assets/fonts/icons.woff2 HTTP/1.1"   request: {} 304 -
::1 - - [16/Dec/2015:16:23:43 +0000] "GET /archives/all_articles HTTP/1.1"   request: {} 200 201330
::1 - - [16/Dec/2015:16:25:51 +0000] "GET / HTTP/1.1"   request: {} 200 460
::1 - - [16/Dec/2015:16:25:51 +0000] "GET /components/semantic/dist/semantic.min.css HTTP/1.1"   request: {} 200 521342
::1 - - [16/Dec/2015:16:25:51 +0000] "GET /built/bundle.js HTTP/1.1"   request: {} 200 805319
::1 - - [16/Dec/2015:16:25:52 +0000] "GET /imgs/b16.png HTTP/1.1"   request: {} 200 225
::1 - - [16/Dec/2015:16:25:52 +0000] "GET /components/semantic/dist/themes/default/assets/fonts/icons.woff2 HTTP/1.1"   request: {} 200 56780
::1 - - [16/Dec/2015:16:25:55 +0000] "GET /archives/all_articles HTTP/1.1"   request: {} 200 201330
::1 - - [16/Dec/2015:16:26:14 +0000] "GET / HTTP/1.1"   request: {} 200 460
::1 - - [16/Dec/2015:16:26:14 +0000] "GET /components/semantic/dist/semantic.min.css HTTP/1.1"   request: {} 200 521342
::1 - - [16/Dec/2015:16:26:14 +0000] "GET /built/bundle.js HTTP/1.1"   request: {} 200 805319
::1 - - [16/Dec/2015:16:26:15 +0000] "GET /imgs/b16.png HTTP/1.1"   request: {} 200 225
::1 - - [16/Dec/2015:16:26:15 +0000] "GET /components/semantic/dist/themes/default/assets/fonts/icons.woff2 HTTP/1.1"   request: {} 200 56780
::1 - - [16/Dec/2015:16:26:17 +0000] "GET /archives/all_articles HTTP/1.1"   request: {} 304 -
::1 - - [16/Dec/2015:16:26:38 +0000] "POST /archives/single_article HTTP/1.1"   request: {"name":"09*\"史上最难逻辑题\"的暴力解法*20140119*C++-Algorithm.md"} 200 20393
::1 - - [16/Dec/2015:16:26:42 +0000] "POST /archives/single_article HTTP/1.1"   request: {"name":"65*Learn Buffer in CommonJS*20150917*Javascript-Buffer.md"} 200 5767
::1 - - [16/Dec/2015:16:26:48 +0000] "POST /archives/single_article HTTP/1.1"   request: {"name":"09*\"史上最难逻辑题\"的暴力解法*20140119*C++-Algorithm.md"} 200 20393
::1 - - [16/Dec/2015:16:26:50 +0000] "GET / HTTP/1.1"   request: {} 200 460
::1 - - [16/Dec/2015:16:26:51 +0000] "GET /components/semantic/dist/semantic.min.css HTTP/1.1"   request: {} 200 521342
::1 - - [16/Dec/2015:16:26:51 +0000] "GET /built/bundle.js HTTP/1.1"   request: {} 200 805319
::1 - - [16/Dec/2015:16:26:51 +0000] "GET /imgs/b16.png HTTP/1.1"   request: {} 200 225
::1 - - [16/Dec/2015:16:26:51 +0000] "GET /components/semantic/dist/themes/default/assets/fonts/icons.woff2 HTTP/1.1"   request: {} 200 56780
::1 - - [16/Dec/2015:16:26:53 +0000] "GET /archives/all_articles HTTP/1.1"   request: {} 304 -
::1 - - [16/Dec/2015:16:26:56 +0000] "GET / HTTP/1.1"   request: {} 200 460
::1 - - [16/Dec/2015:16:26:56 +0000] "GET /components/semantic/dist/semantic.min.css HTTP/1.1"   request: {} 200 521342
::1 - - [16/Dec/2015:16:26:56 +0000] "GET /built/bundle.js HTTP/1.1"   request: {} 200 805319
::1 - - [16/Dec/2015:16:26:57 +0000] "GET /imgs/b16.png HTTP/1.1"   request: {} 200 225
::1 - - [16/Dec/2015:16:26:57 +0000] "GET /components/semantic/dist/themes/default/assets/fonts/icons.woff2 HTTP/1.1"   request: {} 200 56780
::1 - - [16/Dec/2015:16:26:59 +0000] "GET /archives/all_articles HTTP/1.1"   request: {} 304 -
::1 - - [16/Dec/2015:16:27:02 +0000] "GET / HTTP/1.1"   request: {} 200 460
::1 - - [16/Dec/2015:16:27:02 +0000] "GET /components/semantic/dist/semantic.min.css HTTP/1.1"   request: {} 200 521342
::1 - - [16/Dec/2015:16:27:02 +0000] "GET /built/bundle.js HTTP/1.1"   request: {} 200 805319
::1 - - [16/Dec/2015:16:27:02 +0000] "GET /imgs/b16.png HTTP/1.1"   request: {} 200 225
::1 - - [16/Dec/2015:16:27:02 +0000] "GET /components/semantic/dist/themes/default/assets/fonts/icons.woff2 HTTP/1.1"   request: {} 200 56780
::1 - - [16/Dec/2015:16:27:08 +0000] "GET / HTTP/1.1"   request: {} 200 460
::1 - - [16/Dec/2015:16:27:08 +0000] "GET /components/semantic/dist/semantic.min.css HTTP/1.1"   request: {} 200 521342
::1 - - [16/Dec/2015:16:27:08 +0000] "GET /built/bundle.js HTTP/1.1"   request: {} 200 805319
::1 - - [16/Dec/2015:16:27:09 +0000] "GET /imgs/b16.png HTTP/1.1"   request: {} 200 225
::1 - - [16/Dec/2015:16:27:09 +0000] "GET /components/semantic/dist/themes/default/assets/fonts/icons.woff2 HTTP/1.1"   request: {} 200 56780
::1 - - [16/Dec/2015:16:27:14 +0000] "GET / HTTP/1.1"   request: {} 200 460
::1 - - [16/Dec/2015:16:27:14 +0000] "GET /components/semantic/dist/semantic.min.css HTTP/1.1"   request: {} 200 521342
::1 - - [16/Dec/2015:16:27:14 +0000] "GET /built/bundle.js HTTP/1.1"   request: {} 200 805319
::1 - - [16/Dec/2015:16:27:15 +0000] "GET /imgs/b16.png HTTP/1.1"   request: {} 200 225
::1 - - [16/Dec/2015:16:27:15 +0000] "GET /components/semantic/dist/themes/default/assets/fonts/icons.woff2 HTTP/1.1"   request: {} 200 56780
::1 - - [16/Dec/2015:16:27:19 +0000] "GET /archives/all_articles HTTP/1.1"   request: {} 304 -
::1 - - [16/Dec/2015:16:27:30 +0000] "POST /archives/single_article HTTP/1.1"   request: {"name":"02*个人Ubuntu:LinuxMint笔记*20130607*Linux-Dev_Env.md"} 200 12493
::1 - - [16/Dec/2015:16:28:33 +0000] "GET / HTTP/1.1"   request: {} 304 -
::1 - - [16/Dec/2015:16:28:34 +0000] "GET /components/semantic/dist/semantic.min.css HTTP/1.1"   request: {} 304 -
::1 - - [16/Dec/2015:16:28:34 +0000] "GET /built/bundle.js HTTP/1.1"   request: {} 304 -
::1 - - [16/Dec/2015:16:28:34 +0000] "GET /imgs/b16.png HTTP/1.1"   request: {} 304 -
::1 - - [16/Dec/2015:16:28:34 +0000] "GET /components/semantic/dist/themes/default/assets/fonts/icons.woff2 HTTP/1.1"   request: {} 304 -
::1 - - [16/Dec/2015:16:28:37 +0000] "GET /archives/all_articles HTTP/1.1"   request: {} 304 -
::1 - - [16/Dec/2015:16:29:49 +0000] "GET / HTTP/1.1"   request: {} 200 460
::1 - - [16/Dec/2015:16:29:49 +0000] "GET /components/semantic/dist/semantic.min.css HTTP/1.1"   request: {} 200 521342
::1 - - [16/Dec/2015:16:29:49 +0000] "GET /built/bundle.js HTTP/1.1"   request: {} 200 805319
::1 - - [16/Dec/2015:16:29:50 +0000] "GET /imgs/b16.png HTTP/1.1"   request: {} 200 225
::1 - - [16/Dec/2015:16:29:50 +0000] "GET /components/semantic/dist/themes/default/assets/fonts/icons.woff2 HTTP/1.1"   request: {} 200 56780
::1 - - [16/Dec/2015:16:29:53 +0000] "GET /archives/all_articles HTTP/1.1"   request: {} 200 201200
